c:\users\beck1\git\college\fall2022\csci360\assignments\assignment 7\producerconsumer\producerconsumer\debug\vc142.pdb
c:\users\beck1\git\college\fall2022\csci360\assignments\assignment 7\producerconsumer\producerconsumer\debug\vc142.idb
c:\users\beck1\git\college\fall2022\csci360\assignments\assignment 7\producerconsumer\producerconsumer\debug\source.obj
c:\users\beck1\git\college\fall2022\csci360\assignments\assignment 7\producerconsumer\debug\producerconsumer.exe
c:\users\beck1\git\college\fall2022\csci360\assignments\assignment 7\producerconsumer\producerconsumer\debug\producerconsumer.ilk
c:\users\beck1\git\college\fall2022\csci360\assignments\assignment 7\producerconsumer\debug\producerconsumer.pdb
c:\users\beck1\git\college\fall2022\csci360\assignments\assignment 8\producerconsumer\producerconsumer\debug\source.obj
c:\users\beck1\git\college\fall2022\csci360\assignments\assignment 8\producerconsumer\producerconsumer\debug\source.obj.enc
c:\users\beck1\git\college\fall2022\csci360\assignments\assignment 8\producerconsumer\producerconsumer\debug\producerconsumer.ilk
c:\users\beck1\git\college\fall2022\csci360\assignments\assignment 8\producerconsumer\producerconsumer\debug\vc142.idb
c:\users\beck1\git\college\fall2022\csci360\assignments\assignment 8\producerconsumer\producerconsumer\debug\vc142.pdb
c:\users\beck1\git\college\fall2022\csci360\assignments\assignment 8\producerconsumer\debug\producerconsumer.pdb
c:\users\beck1\git\college\fall2022\csci360\assignments\assignment 8\producerconsumer\debug\producerconsumer.exe
c:\users\beck1\git\college\fall2022\csci360\assignments\assignment 8\producerconsumer\debug\producerconsumer.ilk
c:\users\beck1\git\college\fall2022\csci360\assignments\assignment 8\producerconsumer\producerconsumer\debug\producerconsumer.tlog\cl.command.1.tlog
c:\users\beck1\git\college\fall2022\csci360\assignments\assignment 8\producerconsumer\producerconsumer\debug\producerconsumer.tlog\cl.read.1.tlog
c:\users\beck1\git\college\fall2022\csci360\assignments\assignment 8\producerconsumer\producerconsumer\debug\producerconsumer.tlog\cl.write.1.tlog
c:\users\beck1\git\college\fall2022\csci360\assignments\assignment 8\producerconsumer\producerconsumer\debug\producerconsumer.tlog\link.command.1.tlog
c:\users\beck1\git\college\fall2022\csci360\assignments\assignment 8\producerconsumer\producerconsumer\debug\producerconsumer.tlog\link.read.1.tlog
c:\users\beck1\git\college\fall2022\csci360\assignments\assignment 8\producerconsumer\producerconsumer\debug\producerconsumer.tlog\link.write.1.tlog
